  Generate moc_predefs.h
  Uic'ing mainwindow.ui...
  Uic'ing ..\qtshared\multi_iodev\mutli_iodev_params.ui...
  Uic'ing data\reportcommon.ui...
  Uic'ing zrm\zrmcalibrate.ui...
  Uic'ing zrm\zrmcellview.ui...
  Uic'ing zrm\zrmchannelmimimal.ui...
  Uic'ing zrm\zrmconnectivityparam.ui...
  Uic'ing zrm\zrmdevmethods.ui...
  Uic'ing zrm\zrmmaindisplay.ui...
  Uic'ing zrm\zrmmethodbase.ui...
  Uic'ing data\zrmmethodchoose.ui...
  Uic'ing data\zrmmethodeditor.ui...
  Uic'ing data\zrmmethodminmax.ui...
  Uic'ing data\zrmmethodstree.ui...
  Uic'ing zrm\zrmmonitor.ui...
  Uic'ing zrm\zrmparamsview.ui...
  Uic'ing zrm\zrmreadywidget.ui...
  Uic'ing zrm\zrmrelaybase.ui...
  Uic'ing zrm\zrmreport.ui...
  Uic'ing data\zrmstageseditor.ui...
  Uic'ing zrm\zrmwidget.ui...
  Rcc'ing ..\qtshared\multi_iodev\multi_iodev_params.qrc...
  Rcc'ing powermon.qrc...
  Rcc'ing data\zrm_data.qrc...
  Rcc'ing zrm\zrm_resource.qrc...
  Moc'ing ..\qtshared\ftdidevice\ftdidevice.h...
  Moc'ing mainwindow.h...
  Moc'ing ..\qtshared\multi_iodev\miodevworker.h...
  Moc'ing ..\qtshared\multi_iodev\multi_iodev.hpp...
  Moc'ing ..\qtshared\multi_iodev\mutli_iodev_params.h...
  Moc'ing ..\qtshared\text_viewer_widget\qtextviewer.h...
  Moc'ing data\reportcommon.h...
  Moc'ing zrm\zrm_connectivity.hpp...
  Moc'ing zrm\zrmbasewidget.h...
  Moc'ing zrm\zrmcalibrate.h...
  Moc'ing zrm\zrmcellview.h...
  Moc'ing zrm\zrmchannelmimimal.h...
  Moc'ing zrm\zrmconnectivityparam.h...
  Moc'ing data\zrmdatabase.h...
  Moc'ing data\zrmdatasource.h...
  Moc'ing zrm\zrmdevmethods.h...
  Moc'ing zrm\zrmmaindisplay.h...
  Moc'ing zrm\zrmmethodbase.h...
  Moc'ing data\zrmmethodchoose.h...
  Moc'ing data\zrmmethodeditor.h...
  Moc'ing data\zrmmethodminmax.h...
  Moc'ing data\zrmmethodstree.h...
  Moc'ing zrm\zrmmonitor.h...
  Moc'ing zrm\zrmparamsview.h...
  Moc'ing zrm\zrmreadyaccum.h...
  Moc'ing zrm\zrmreadylayout.h...
  Moc'ing zrm\zrmreadywidget.h...
  Moc'ing zrm\zrmrelaybase.h...
  Moc'ing zrm\zrmreport.h...
  Moc'ing data\zrmstageseditor.h...
  Moc'ing zrm\zrmwidget.h...
  crc_unit.cpp
  ftdidevice.cpp
  ftdilib.cpp
  main.cpp
  mainwindow.cpp
  miodevworker.cpp
  multi_iodev.cpp
  mutli_iodev_params.cpp
  proto_sync.cpp
  qtextviewer.cpp
  reportcommon.cpp
  zrm_connectivity.cpp
  zrmbasewidget.cpp
  zrmcalibrate.cpp
  zrmcellview.cpp
  zrmchannelmimimal.cpp
  zrmconnectivityparam.cpp
  zrmdatabase.cpp
  zrmdatasource.cpp
  zrmdevmethods.cpp
  zrmmaindisplay.cpp
  zrmmethodbase.cpp
  zrmmethodchoose.cpp
  zrmmethodeditor.cpp
  zrmmethodeditor_write.cpp
  zrmmethodminmax.cpp
  zrmmethodstree.cpp
d:\projects\powermon\data\zrmmethodeditor.cpp(202): warning C4189: parent: локальная переменная инициализирована, но не использована
  zrmmodule.cpp
  zrmmonitor.cpp
d:\projects\powermon\data\zrmmethodstree.cpp(840): warning C4189: src: локальная переменная инициализирована, но не использована
d:\projects\powermon\zrm\zrmmodule.cpp(259): warning C4100: end: неиспользованный формальный параметр
  zrmparamsview.cpp
  zrmproto.cpp
  zrmreadyaccum.cpp
  zrmreadylayout.cpp
  zrmreadywidget.cpp
  zrmrelaybase.cpp
  zrmreport.cpp
  zrmreportdatabase.cpp
  zrmstageschart.cpp
  zrmstageseditor.cpp
  zrmwidget.cpp
  qrc_multi_iodev_params.cpp
  qrc_powermon.cpp
  qrc_zrm_data.cpp
  qrc_zrm_resource.cpp
  moc_ftdidevice.cpp
  moc_mainwindow.cpp
  moc_miodevworker.cpp
  moc_multi_iodev.cpp
  moc_mutli_iodev_params.cpp
  moc_qtextviewer.cpp
  moc_reportcommon.cpp
  moc_zrm_connectivity.cpp
  moc_zrmbasewidget.cpp
  moc_zrmcalibrate.cpp
  moc_zrmcellview.cpp
  moc_zrmchannelmimimal.cpp
  moc_zrmconnectivityparam.cpp
  moc_zrmdatabase.cpp
  moc_zrmdatasource.cpp
  moc_zrmdevmethods.cpp
  moc_zrmmaindisplay.cpp
  moc_zrmmethodbase.cpp
  moc_zrmmethodchoose.cpp
  moc_zrmmethodeditor.cpp
  moc_zrmmethodminmax.cpp
  moc_zrmmethodstree.cpp
  moc_zrmmonitor.cpp
  moc_zrmparamsview.cpp
  moc_zrmreadyaccum.cpp
  moc_zrmreadylayout.cpp
  moc_zrmreadywidget.cpp
  moc_zrmrelaybase.cpp
  moc_zrmreport.cpp
  moc_zrmstageseditor.cpp
  moc_zrmwidget.cpp
  PowerMon.vcxproj -> D:\projects\powermon\bin\powermon64.exe
